 WARN [2018-04-07 20:04:20,900] (ComponentFactory.java:getComponentBean:1149) - Unable to get component for id 'Certificate': Unable to get bean for id 'Certificate'
 WARN [2018-04-07 20:04:20,915] (ComponentFactory.java:getComponentBean:1149) - Unable to get component for id 'AuraDefinitionBundle': Unable to get bean for id 'AuraDefinitionBundle'
 WARN [2018-04-07 20:04:20,920] (ComponentFactory.java:getComponentBean:1149) - Unable to get component for id 'ExternalDataSource': Unable to get bean for id 'ExternalDataSource'
 WARN [2018-04-07 20:04:20,924] (ComponentFactory.java:getComponentBean:1149) - Unable to get component for id 'NamedCredential': Unable to get bean for id 'NamedCredential'
 WARN [2018-04-07 20:04:20,929] (ComponentFactory.java:getComponentBean:1149) - Unable to get component for id 'GlobalPicklist': Unable to get bean for id 'GlobalPicklist'
 WARN [2018-04-07 20:04:20,936] (ComponentFactory.java:getComponentBean:1149) - Unable to get component for id 'CustomFeedFilter': Unable to get bean for id 'CustomFeedFilter'
 WARN [2018-04-07 20:04:20,942] (ComponentFactory.java:getComponentBean:1149) - Unable to get component for id 'FlowDefinition': Unable to get bean for id 'FlowDefinition'
 WARN [2018-04-07 20:04:20,948] (ComponentFactory.java:getComponentBean:1149) - Unable to get component for id 'EventSubscription': Unable to get bean for id 'EventSubscription'
 WARN [2018-04-07 20:04:20,954] (ComponentFactory.java:getComponentBean:1149) - Unable to get component for id 'EventDelivery': Unable to get bean for id 'EventDelivery'
 WARN [2018-04-07 20:04:20,962] (ComponentFactory.java:getComponentBean:1149) - Unable to get component for id 'MatchingRules': Unable to get bean for id 'MatchingRules'
 WARN [2018-04-07 20:04:20,967] (ComponentFactory.java:getComponentBean:1149) - Unable to get component for id 'ChannelLayout': Unable to get bean for id 'ChannelLayout'
 WARN [2018-04-07 20:04:21,041] (ComponentFactory.java:getComponentBean:1149) - Unable to get component for id 'SharingRules': Unable to get bean for id 'SharingRules'
 WARN [2018-04-07 20:04:21,053] (ComponentFactory.java:getComponentBean:1149) - Unable to get component for id 'DelegateGroup': Unable to get bean for id 'DelegateGroup'
 WARN [2018-04-07 20:04:21,064] (ComponentFactory.java:getComponentBean:1149) - Unable to get component for id 'ManagedTopics': Unable to get bean for id 'ManagedTopics'
 WARN [2018-04-07 20:04:21,077] (ComponentFactory.java:getComponentBean:1149) - Unable to get component for id 'KeywordList': Unable to get bean for id 'KeywordList'
 WARN [2018-04-07 20:04:21,088] (ComponentFactory.java:getComponentBean:1149) - Unable to get component for id 'ModerationRule': Unable to get bean for id 'ModerationRule'
 WARN [2018-04-07 20:04:21,100] (ComponentFactory.java:getComponentBean:1149) - Unable to get component for id 'CorsWhitelistOrigin': Unable to get bean for id 'CorsWhitelistOrigin'
 WARN [2018-04-07 20:04:21,108] (ComponentFactory.java:getComponentBean:1149) - Unable to get component for id 'ActionLinkGroupTemplate': Unable to get bean for id 'ActionLinkGroupTemplate'
 WARN [2018-04-07 20:04:21,116] (ComponentFactory.java:getComponentBean:1149) - Unable to get component for id 'TransactionSecurityPolicy': Unable to get bean for id 'TransactionSecurityPolicy'
 WARN [2018-04-07 20:04:21,123] (ComponentFactory.java:getComponentBean:1149) - Unable to get component for id 'SynonymDictionary': Unable to get bean for id 'SynonymDictionary'
 WARN [2018-04-07 20:04:21,128] (ComponentFactory.java:getComponentBean:1149) - Unable to get component for id 'PathAssistant': Unable to get bean for id 'PathAssistant'
 WARN [2018-04-07 20:04:21,133] (ComponentFactory.java:getComponentBean:1149) - Unable to get component for id 'LeadConvertSettings': Unable to get bean for id 'LeadConvertSettings'
 WARN [2018-04-07 20:04:21,138] (ComponentFactory.java:getComponentBean:1149) - Unable to get component for id 'PlatformCachePartition': Unable to get bean for id 'PlatformCachePartition'
 WARN [2018-04-07 20:04:22,243] (ComponentFactory.java:getComponentBean:1149) - Unable to get component for id 'Certificate': Unable to get bean for id 'Certificate'
 WARN [2018-04-07 20:04:22,255] (ComponentFactory.java:getComponentBean:1149) - Unable to get component for id 'AuraDefinitionBundle': Unable to get bean for id 'AuraDefinitionBundle'
 WARN [2018-04-07 20:04:22,268] (ComponentFactory.java:getComponentBean:1149) - Unable to get component for id 'ExternalDataSource': Unable to get bean for id 'ExternalDataSource'
 WARN [2018-04-07 20:04:22,275] (ComponentFactory.java:getComponentBean:1149) - Unable to get component for id 'NamedCredential': Unable to get bean for id 'NamedCredential'
 WARN [2018-04-07 20:04:22,282] (ComponentFactory.java:getComponentBean:1149) - Unable to get component for id 'GlobalPicklist': Unable to get bean for id 'GlobalPicklist'
 WARN [2018-04-07 20:04:22,290] (ComponentFactory.java:getComponentBean:1149) - Unable to get component for id 'CustomFeedFilter': Unable to get bean for id 'CustomFeedFilter'
 WARN [2018-04-07 20:04:22,300] (ComponentFactory.java:getComponentBean:1149) - Unable to get component for id 'FlowDefinition': Unable to get bean for id 'FlowDefinition'
 WARN [2018-04-07 20:04:22,308] (ComponentFactory.java:getComponentBean:1149) - Unable to get component for id 'EventSubscription': Unable to get bean for id 'EventSubscription'
 WARN [2018-04-07 20:04:22,317] (ComponentFactory.java:getComponentBean:1149) - Unable to get component for id 'EventDelivery': Unable to get bean for id 'EventDelivery'
 WARN [2018-04-07 20:04:22,326] (ComponentFactory.java:getComponentBean:1149) - Unable to get component for id 'MatchingRules': Unable to get bean for id 'MatchingRules'
 WARN [2018-04-07 20:04:22,332] (ComponentFactory.java:getComponentBean:1149) - Unable to get component for id 'ChannelLayout': Unable to get bean for id 'ChannelLayout'
 WARN [2018-04-07 20:04:22,337] (ComponentFactory.java:getComponentBean:1149) - Unable to get component for id 'SharingRules': Unable to get bean for id 'SharingRules'
 WARN [2018-04-07 20:04:22,342] (ComponentFactory.java:getComponentBean:1149) - Unable to get component for id 'DelegateGroup': Unable to get bean for id 'DelegateGroup'
 WARN [2018-04-07 20:04:22,347] (ComponentFactory.java:getComponentBean:1149) - Unable to get component for id 'ManagedTopics': Unable to get bean for id 'ManagedTopics'
 WARN [2018-04-07 20:04:22,351] (ComponentFactory.java:getComponentBean:1149) - Unable to get component for id 'KeywordList': Unable to get bean for id 'KeywordList'
 WARN [2018-04-07 20:04:22,355] (ComponentFactory.java:getComponentBean:1149) - Unable to get component for id 'ModerationRule': Unable to get bean for id 'ModerationRule'
 WARN [2018-04-07 20:04:22,360] (ComponentFactory.java:getComponentBean:1149) - Unable to get component for id 'CorsWhitelistOrigin': Unable to get bean for id 'CorsWhitelistOrigin'
 WARN [2018-04-07 20:04:22,364] (ComponentFactory.java:getComponentBean:1149) - Unable to get component for id 'ActionLinkGroupTemplate': Unable to get bean for id 'ActionLinkGroupTemplate'
 WARN [2018-04-07 20:04:22,369] (ComponentFactory.java:getComponentBean:1149) - Unable to get component for id 'TransactionSecurityPolicy': Unable to get bean for id 'TransactionSecurityPolicy'
 WARN [2018-04-07 20:04:22,373] (ComponentFactory.java:getComponentBean:1149) - Unable to get component for id 'SynonymDictionary': Unable to get bean for id 'SynonymDictionary'
 WARN [2018-04-07 20:04:22,378] (ComponentFactory.java:getComponentBean:1149) - Unable to get component for id 'PathAssistant': Unable to get bean for id 'PathAssistant'
 WARN [2018-04-07 20:04:22,382] (ComponentFactory.java:getComponentBean:1149) - Unable to get component for id 'LeadConvertSettings': Unable to get bean for id 'LeadConvertSettings'
 WARN [2018-04-07 20:04:22,387] (ComponentFactory.java:getComponentBean:1149) - Unable to get component for id 'PlatformCachePartition': Unable to get bean for id 'PlatformCachePartition'
